[13Jun2025 00:02:21.301] [Server thread/INFO] [net.minecraft.server.MinecraftServer/]: [Pulpleito8: Teleported Pulpleito8 to ByJean2812]
[13Jun2025 00:03:09.096] [Server thread/INFO] [net.minecraft.server.MinecraftServer/]: ByJean2812 has made the advancement [Who You Gonna Call?]
[13Jun2025 00:03:21.000] [Server thread/INFO] [net.minecraft.server.MinecraftServer/]: Pulpleito8 has made the advancement [Who You Gonna Call?]
[13Jun2025 00:07:06.906] [Server thread/INFO] [net.minecraft.server.MinecraftServer/]: [Pulpleito8: Teleported ByJean2812 to Pulpleito8]
[13Jun2025 00:08:51.951] [Server thread/INFO] [net.minecraft.server.MinecraftServer/]: Pulpleito8 was killed by Potion using magic
[13Jun2025 00:08:51.959] [Server thread/INFO] [tombstone/]: The player Pulpleito8 has successfully been saved
[13Jun2025 00:08:57.524] [Server thread/INFO] [net.minecraft.server.MinecraftServer/]: [Pulpleito8: Teleported Pulpleito8 to ByJean2812]
[13Jun2025 00:10:49.899] [Server thread/INFO] [net.minecraft.server.MinecraftServer/]: Pulpleito8 has completed the challenge [The Power of the Sun]
[13Jun2025 00:12:02.258] [Server thread/INFO] [net.minecraft.server.MinecraftServer/]: ByJean2812 fell from a high place
[13Jun2025 00:12:02.265] [Server thread/INFO] [tombstone/]: The player ByJean2812 has successfully been saved
[13Jun2025 00:12:16.662] [Server thread/INFO] [net.minecraft.server.MinecraftServer/]: [Pulpleito8: Teleported ByJean2812 to Pulpleito8]
[13Jun2025 00:12:56.997] [Server thread/WARN] [net.minecraft.server.network.ServerGamePacketListenerImpl/]: ByJean2812 was kicked for floating too long!
[13Jun2025 00:12:56.997] [Server thread/INFO] [net.minecraft.server.network.ServerGamePacketListenerImpl/]: ByJean2812 lost connection: Disconnected
[13Jun2025 00:12:56.998] [Server thread/INFO] [net.minecraft.server.MinecraftServer/]: ByJean2812 left the game
[13Jun2025 00:12:57.048] [Server thread/WARN] [net.minecraft.network.Connection/]: handleDisconnection() called twice
[13Jun2025 00:13:55.196] [Server thread/WARN] [net.minecraft.server.network.ServerGamePacketListenerImpl/]: Pulpleito8 was kicked for floating too long!
[13Jun2025 00:13:55.245] [Server thread/INFO] [net.minecraft.server.network.ServerGamePacketListenerImpl/]: Pulpleito8 lost connection: Flying is not enabled on this server
[13Jun2025 00:13:55.246] [Server thread/INFO] [net.minecraft.server.MinecraftServer/]: Pulpleito8 left the game
[13Jun2025 00:14:17.083] [Server thread/INFO] [net.minecraft.server.MinecraftServer/]: Stopping the server
[13Jun2025 00:14:17.136] [Server thread/INFO] [net.minecraft.server.MinecraftServer/]: Stopping server
[13Jun2025 00:14:17.136] [Server thread/INFO] [net.minecraft.server.MinecraftServer/]: Saving players
[13Jun2025 00:14:17.137] [Server thread/INFO] [net.minecraft.server.MinecraftServer/]: Saving worlds
[13Jun2025 00:14:17.209] [Server thread/INFO] [net.minecraft.server.MinecraftServer/]: Saving chunks for level 'ServerLevel[world]'/minecraft:overworld
[13Jun2025 00:14:17.347] [Server thread/INFO] [net.minecraft.server.MinecraftServer/]: Saving chunks for level 'ServerLevel[world]'/ad_astra:earth_orbit
[13Jun2025 00:14:17.348] [Server thread/INFO] [net.minecraft.server.MinecraftServer/]: Saving chunks for level 'ServerLevel[world]'/ad_astra:moon_orbit
[13Jun2025 00:14:17.349] [Server thread/INFO] [net.minecraft.server.MinecraftServer/]: Saving chunks for level 'ServerLevel[world]'/minecraft:the_end
[13Jun2025 00:14:17.350] [Server thread/INFO] [net.minecraft.server.MinecraftServer/]: Saving chunks for level 'ServerLevel[world]'/deeperdarker:otherside
[13Jun2025 00:14:17.351] [Server thread/INFO] [net.minecraft.server.MinecraftServer/]: Saving chunks for level 'ServerLevel[world]'/ad_astra:mars
[13Jun2025 00:14:17.351] [Server thread/INFO] [net.minecraft.server.MinecraftServer/]: Saving chunks for level 'ServerLevel[world]'/ad_astra:mercury
[13Jun2025 00:14:17.352] [Server thread/INFO] [net.minecraft.server.MinecraftServer/]: Saving chunks for level 'ServerLevel[world]'/ad_astra:glacio
[13Jun2025 00:14:17.353] [Server thread/INFO] [net.minecraft.server.MinecraftServer/]: Saving chunks for level 'ServerLevel[world]'/ad_astra:mars_orbit
[13Jun2025 00:14:17.353] [Server thread/INFO] [net.minecraft.server.MinecraftServer/]: Saving chunks for level 'ServerLevel[world]'/ad_astra:glacio_orbit
[13Jun2025 00:14:17.354] [Server thread/INFO] [net.minecraft.server.MinecraftServer/]: Saving chunks for level 'ServerLevel[world]'/twilightforest:twilight_forest
[13Jun2025 00:14:17.355] [Server thread/INFO] [net.minecraft.server.MinecraftServer/]: Saving chunks for level 'ServerLevel[world]'/ad_astra:moon
[13Jun2025 00:14:17.355] [Server thread/INFO] [net.minecraft.server.MinecraftServer/]: Saving chunks for level 'ServerLevel[world]'/ad_astra:mercury_orbit
[13Jun2025 00:14:17.356] [Server thread/INFO] [net.minecraft.server.MinecraftServer/]: Saving chunks for level 'ServerLevel[world]'/ad_astra:venus_orbit
[13Jun2025 00:14:17.358] [Server thread/INFO] [net.minecraft.server.MinecraftServer/]: Saving chunks for level 'ServerLevel[world]'/aether:the_aether
[13Jun2025 00:14:17.359] [Server thread/INFO] [net.minecraft.server.MinecraftServer/]: Saving chunks for level 'ServerLevel[world]'/ad_astra:venus
[13Jun2025 00:14:17.359] [Server thread/INFO] [net.minecraft.server.MinecraftServer/]: Saving chunks for level 'ServerLevel[world]'/minecraft:the_nether
[13Jun2025 00:14:17.415] [Server thread/INFO] [net.minecraft.server.MinecraftServer/]: ThreadedAnvilChunkStorage (world): All chunks are saved
[13Jun2025 00:14:17.415] [Server thread/INFO] [net.minecraft.server.MinecraftServer/]: ThreadedAnvilChunkStorage (earth_orbit): All chunks are saved
[13Jun2025 00:14:17.415] [Server thread/INFO] [net.minecraft.server.MinecraftServer/]: ThreadedAnvilChunkStorage (moon_orbit): All chunks are saved
[13Jun2025 00:14:17.416] [Server thread/INFO] [net.minecraft.server.MinecraftServer/]: ThreadedAnvilChunkStorage (DIM1): All chunks are saved
[13Jun2025 00:14:17.416] [Server thread/INFO] [net.minecraft.server.MinecraftServer/]: ThreadedAnvilChunkStorage (otherside): All chunks are saved
[13Jun2025 00:14:17.416] [Server thread/INFO] [net.minecraft.server.MinecraftServer/]: ThreadedAnvilChunkStorage (mars): All chunks are saved
[13Jun2025 00:14:17.416] [Server thread/INFO] [net.minecraft.server.MinecraftServer/]: ThreadedAnvilChunkStorage (mercury): All chunks are saved
[13Jun2025 00:14:17.416] [Server thread/INFO] [net.minecraft.server.MinecraftServer/]: ThreadedAnvilChunkStorage (glacio): All chunks are saved
[13Jun2025 00:14:17.416] [Server thread/INFO] [net.minecraft.server.MinecraftServer/]: ThreadedAnvilChunkStorage (mars_orbit): All chunks are saved
[13Jun2025 00:14:17.416] [Server thread/INFO] [net.minecraft.server.MinecraftServer/]: ThreadedAnvilChunkStorage (glacio_orbit): All chunks are saved
[13Jun2025 00:14:17.416] [Server thread/INFO] [net.minecraft.server.MinecraftServer/]: ThreadedAnvilChunkStorage (twilight_forest): All chunks are saved
[13Jun2025 00:14:17.416] [Server thread/INFO] [net.minecraft.server.MinecraftServer/]: ThreadedAnvilChunkStorage (moon): All chunks are saved
[13Jun2025 00:14:17.416] [Server thread/INFO] [net.minecraft.server.MinecraftServer/]: ThreadedAnvilChunkStorage (mercury_orbit): All chunks are saved
[13Jun2025 00:14:17.416] [Server thread/INFO] [net.minecraft.server.MinecraftServer/]: ThreadedAnvilChunkStorage (venus_orbit): All chunks are saved
[13Jun2025 00:14:17.416] [Server thread/INFO] [net.minecraft.server.MinecraftServer/]: ThreadedAnvilChunkStorage (the_aether): All chunks are saved
[13Jun2025 00:14:17.416] [Server thread/INFO] [net.minecraft.server.MinecraftServer/]: ThreadedAnvilChunkStorage (venus): All chunks are saved
[13Jun2025 00:14:17.417] [Server thread/INFO] [net.minecraft.server.MinecraftServer/]: ThreadedAnvilChunkStorage (DIM-1): All chunks are saved
[13Jun2025 00:14:17.417] [Server thread/INFO] [net.minecraft.server.MinecraftServer/]: ThreadedAnvilChunkStorage: All dimensions are saved
